==6436== Memcheck, a memory error detector
==6436== Copyright (C) 2002-2017, and GNU GPL'd, by Julian Seward et al.
==6436== Using Valgrind-3.18.1 and LibVEX; rerun with -h for copyright info
==6436== Command: ./a.out
==6436== Parent PID: 6097
==6436== 
==6445== 
==6445== HEAP SUMMARY:
==6445==     in use at exit: 1,373 bytes in 8 blocks
==6445==   total heap usage: 34 allocs, 26 frees, 24,148 bytes allocated
==6445== 
==6445== LEAK SUMMARY:
==6445==    definitely lost: 0 bytes in 0 blocks
==6445==    indirectly lost: 0 bytes in 0 blocks
==6445==      possibly lost: 0 bytes in 0 blocks+
==6445==    still reachable: 1,373 bytes in 8 blocks
==6445==         suppressed: 0 bytes in 0 blocks
==6445== Reachable blocks (those to which a pointer was found) are not shown.
==6445== To see them, rerun with: --leak-check=full --show-leak-kinds=all
==6445== 
==6445== For lists of detected and suppressed errors, rerun with: -s
==6445== ERROR SUMMARY: 0 errors from 0 contexts (suppressed: 0 from 0)
==6449== 
==6449== HEAP SUMMARY:
==6449==     in use at exit: 0 bytes in 0 blocks
==6449==   total heap usage: 72 allocs, 72 frees, 44,845 bytes allocated
==6449== 
==6449== All heap blocks were freed -- no leaks are possible
==6449== 
==6449== For lists of detected and suppressed errors, rerun with: -s
==6449== ERROR SUMMARY: 0 errors from 0 contexts (suppressed: 0 from 0)
==6436== 
==6436== HEAP SUMMARY:
==6436==     in use at exit: 0 bytes in 0 blocks
==6436==   total heap usage: 56 allocs, 56 frees, 34,288 bytes allocated
==6436== 
==6436== All heap blocks were freed -- no leaks are possible
==6436== 
==6436== For lists of detected and suppressed errors, rerun with: -s
==6436== ERROR SUMMARY: 0 errors from 0 contexts (suppressed: 0 from 0)
